<?xml version="1.0" encoding="UTF-8"?>
<!-- Generated by org.testng.reporters.JUnitXMLReporter -->
<testsuite hostname="ULTP_498" name="AutoiQ Automation Suite" tests="6" failures="6" timestamp="24 May 2017 06:56:00 GMT" time="0.077" errors="0">
  <testcase name="@AfterTest Quit" time="0.0" classname="com.autoiq.tests.processes.TestCreateProcessesNew">
    <failure type="com.autoiq.common.utility.HandleException" message="Failed while closing/quiting the browser">
      <![CDATA[com.autoiq.common.utility.HandleException: Failed while closing/quiting the browser
	at com.autoiq.common.utility.CommonWebFunctions.cleanUp(CommonWebFunctions.java:168)
	at com.autoiq.tests.processes.TestCreateProcessesNew.Quit(TestCreateProcessesNew.java:450)
... Removed 22 stack frames]]>
    </failure>
  </testcase> <!-- @AfterTest Quit -->
  <testcase name="loginWithValidCredentials" time="0.02" classname="com.autoiq.tests.login.TestLogin">
    <failure type="java.lang.NullPointerException">
      <![CDATA[java.lang.NullPointerException
	at com.google.common.base.Preconditions.checkNotNull(Preconditions.java:213)
	at org.openqa.selenium.support.ui.FluentWait.<init>(FluentWait.java:102)
	at org.openqa.selenium.support.ui.WebDriverWait.<init>(WebDriverWait.java:71)
	at org.openqa.selenium.support.ui.WebDriverWait.<init>(WebDriverWait.java:45)
	at com.autoiq.common.utility.CommonWebFunctions.waitForElement(CommonWebFunctions.java:276)
	at com.autoiq.common.utility.CommonWebFunctions.findElement(CommonWebFunctions.java:211)
	at com.autoiq.common.utility.CommonWebFunctions.sendKeysToElement(CommonWebFunctions.java:473)
	at com.autoiq.tests.login.TestLogin.loginWithValidCredentials(TestLogin.java:48)
... Removed 24 stack frames]]>
    </failure>
  </testcase> <!-- loginWithValidCredentials -->
  <testcase name="loginWithInvalidCredentials" time="0.003" classname="com.autoiq.tests.login.TestLogin">
    <failure type="java.lang.NullPointerException">
      <![CDATA[java.lang.NullPointerException
	at com.google.common.base.Preconditions.checkNotNull(Preconditions.java:213)
	at org.openqa.selenium.support.ui.FluentWait.<init>(FluentWait.java:102)
	at org.openqa.selenium.support.ui.WebDriverWait.<init>(WebDriverWait.java:71)
	at org.openqa.selenium.support.ui.WebDriverWait.<init>(WebDriverWait.java:45)
	at com.autoiq.common.utility.CommonWebFunctions.waitForElement(CommonWebFunctions.java:276)
	at com.autoiq.common.utility.CommonWebFunctions.findElement(CommonWebFunctions.java:211)
	at com.autoiq.common.utility.CommonWebFunctions.sendKeysToElement(CommonWebFunctions.java:473)
	at com.autoiq.tests.login.TestLogin.loginWithInvalidCredentials(TestLogin.java:65)
... Removed 24 stack frames]]>
    </failure>
  </testcase> <!-- loginWithInvalidCredentials -->
  <testcase name="loginWithBlankCredentials" time="0.007" classname="com.autoiq.tests.login.TestLogin">
    <failure type="java.lang.NullPointerException">
      <![CDATA[java.lang.NullPointerException
	at com.google.common.base.Preconditions.checkNotNull(Preconditions.java:213)
	at org.openqa.selenium.support.ui.FluentWait.<init>(FluentWait.java:102)
	at org.openqa.selenium.support.ui.WebDriverWait.<init>(WebDriverWait.java:71)
	at org.openqa.selenium.support.ui.WebDriverWait.<init>(WebDriverWait.java:45)
	at com.autoiq.common.utility.CommonWebFunctions.waitForElement(CommonWebFunctions.java:276)
	at com.autoiq.common.utility.CommonWebFunctions.findElement(CommonWebFunctions.java:225)
	at com.autoiq.common.utility.CommonWebFunctions.clickOnElement(CommonWebFunctions.java:178)
	at com.autoiq.tests.login.TestLogin.loginWithBlankCredentials(TestLogin.java:80)
... Removed 24 stack frames]]>
    </failure>
  </testcase> <!-- loginWithBlankCredentials -->
  <testcase name="loginWithInvalidUsername" time="0.004" classname="com.autoiq.tests.login.TestLogin">
    <failure type="java.lang.NullPointerException">
      <![CDATA[java.lang.NullPointerException
	at com.google.common.base.Preconditions.checkNotNull(Preconditions.java:213)
	at org.openqa.selenium.support.ui.FluentWait.<init>(FluentWait.java:102)
	at org.openqa.selenium.support.ui.WebDriverWait.<init>(WebDriverWait.java:71)
	at org.openqa.selenium.support.ui.WebDriverWait.<init>(WebDriverWait.java:45)
	at com.autoiq.common.utility.CommonWebFunctions.waitForElement(CommonWebFunctions.java:276)
	at com.autoiq.common.utility.CommonWebFunctions.findElement(CommonWebFunctions.java:211)
	at com.autoiq.common.utility.CommonWebFunctions.sendKeysToElement(CommonWebFunctions.java:473)
	at com.autoiq.tests.login.TestLogin.loginWithInvalidUsername(TestLogin.java:94)
... Removed 24 stack frames]]>
    </failure>
  </testcase> <!-- loginWithInvalidUsername -->
  <testcase name="loginWithInvalidPassword" time="0.001" classname="com.autoiq.tests.login.TestLogin">
    <failure type="java.lang.NullPointerException">
      <![CDATA[java.lang.NullPointerException
	at com.google.common.base.Preconditions.checkNotNull(Preconditions.java:213)
	at org.openqa.selenium.support.ui.FluentWait.<init>(FluentWait.java:102)
	at org.openqa.selenium.support.ui.WebDriverWait.<init>(WebDriverWait.java:71)
	at org.openqa.selenium.support.ui.WebDriverWait.<init>(WebDriverWait.java:45)
	at com.autoiq.common.utility.CommonWebFunctions.waitForElement(CommonWebFunctions.java:276)
	at com.autoiq.common.utility.CommonWebFunctions.findElement(CommonWebFunctions.java:211)
	at com.autoiq.common.utility.CommonWebFunctions.sendKeysToElement(CommonWebFunctions.java:473)
	at com.autoiq.tests.login.TestLogin.loginWithInvalidPassword(TestLogin.java:111)
... Removed 24 stack frames]]>
    </failure>
  </testcase> <!-- loginWithInvalidPassword -->
  <testcase name="loginWithSpceialCharater" time="0.002" classname="com.autoiq.tests.login.TestLogin">
    <failure type="java.lang.NullPointerException">
      <![CDATA[java.lang.NullPointerException
	at com.google.common.base.Preconditions.checkNotNull(Preconditions.java:213)
	at org.openqa.selenium.support.ui.FluentWait.<init>(FluentWait.java:102)
	at org.openqa.selenium.support.ui.WebDriverWait.<init>(WebDriverWait.java:71)
	at org.openqa.selenium.support.ui.WebDriverWait.<init>(WebDriverWait.java:45)
	at com.autoiq.common.utility.CommonWebFunctions.waitForElement(CommonWebFunctions.java:276)
	at com.autoiq.common.utility.CommonWebFunctions.findElement(CommonWebFunctions.java:211)
	at com.autoiq.common.utility.CommonWebFunctions.sendKeysToElement(CommonWebFunctions.java:473)
	at com.autoiq.tests.login.TestLogin.loginWithSpceialCharater(TestLogin.java:129)
... Removed 24 stack frames]]>
    </failure>
  </testcase> <!-- loginWithSpceialCharater -->
</testsuite> <!-- AutoiQ Automation Suite -->
